[ 2016-06-01T15:23:21+08:00 ] 172.28.7.80 /
INFO: [ app_init ] --START--
INFO: Run Behavior\BuildLiteBehavior [ RunTime:0.000000s ]
INFO: [ app_init ] --END-- [ RunTime:0.000000s ]
INFO: [ app_begin ] --START--
INFO: Run Behavior\ReadHtmlCacheBehavior [ RunTime:0.001000s ]
INFO: [ app_begin ] --END-- [ RunTime:0.001000s ]
INFO: [ view_parse ] --START--
INFO: [ template_filter ] --START--
INFO: Run Behavior\ContentReplaceBehavior [ RunTime:0.000000s ]
INFO: [ template_filter ] --END-- [ RunTime:0.000000s ]
INFO: Run Behavior\ParseTemplateBehavior [ RunTime:0.009000s ]
INFO: [ view_parse ] --END-- [ RunTime:0.009000s ]
INFO: [ view_filter ] --START--
INFO: Run Behavior\WriteHtmlCacheBehavior [ RunTime:0.001000s ]
INFO: [ view_filter ] --END-- [ RunTime:0.001000s ]
INFO: [ app_end ] --START--
INFO: Run Behavior\ShowPageTraceBehavior [ RunTime:0.001000s ]
INFO: [ app_end ] --END-- [ RunTime:0.001000s ]

[ 2016-06-01T15:23:27+08:00 ] 172.28.7.80 /Home/Login/checklogin
INFO: [ app_init ] --START--
INFO: Run Behavior\BuildLiteBehavior [ RunTime:0.000000s ]
INFO: [ app_init ] --END-- [ RunTime:0.001000s ]
INFO: [ app_begin ] --START--
INFO: Run Behavior\ReadHtmlCacheBehavior [ RunTime:0.001000s ]
INFO: [ app_begin ] --END-- [ RunTime:0.001000s ]
SQL: SHOW COLUMNS FROM `user` [ RunTime:0.0070s ]
SQL: SELECT user.password,user.userid,user.name,user.school,school.manage FROM `user` inner join school on school.school=user.school  WHERE `userid` = 'kiee' LIMIT 1   [ RunTime:0.0020s ]
SQL: UPDATE `user` SET `lastloginip`='172.28.7.80',`lastlogintime`='2016-06-01 15:23:27' WHERE `userid` = 'kiee' [ RunTime:0.0030s ]

[ 2016-06-01T15:23:27+08:00 ] 172.28.7.80 /Home/Index/index
INFO: [ app_init ] --START--
INFO: Run Behavior\BuildLiteBehavior [ RunTime:0.000000s ]
INFO: [ app_init ] --END-- [ RunTime:0.000000s ]
INFO: [ app_begin ] --START--
INFO: Run Behavior\ReadHtmlCacheBehavior [ RunTime:0.001000s ]
INFO: [ app_begin ] --END-- [ RunTime:0.001000s ]
SQL: SHOW COLUMNS FROM `user` [ RunTime:0.0090s ]
SQL: SELECT * FROM `user` WHERE `userid` = 'kiee' LIMIT 1   [ RunTime:0.0010s ]
SQL: SHOW COLUMNS FROM `action` [ RunTime:0.0050s ]
SQL: SELECT * FROM `action` WHERE CONCAT('',action.action) = '/Home/Index/index' LIMIT 1   [ RunTime:0.0010s ]
SQL: SELECT `access` FROM `action` inner join actionrole on actionrole.actionid=action.id  WHERE CONCAT('',action.action) = '/Home/Index/index' AND actionrole.role IN ('B','D','E','A','*')  [ RunTime:0.0020s ]
SQL: SELECT * FROM `user` WHERE `userid` = 'kiee' LIMIT 1   [ RunTime:0.0020s ]
SQL: SHOW COLUMNS FROM `action` [ RunTime:0.0050s ]
SQL: SHOW COLUMNS FROM `user` [ RunTime:0.0060s ]
SQL: SELECT * FROM `user` WHERE `userid` = 'kiee' LIMIT 1   [ RunTime:0.0020s ]
SQL: SELECT * FROM `action` WHERE CONCAT('',action.action) = '/Home/Index/index' LIMIT 1   [ RunTime:0.0010s ]
SQL: SELECT `access` FROM `action` inner join actionrole on actionrole.actionid=action.id  WHERE CONCAT('',action.action) = '/Home/Index/index' AND actionrole.role IN ('B','D','E','A','*')  [ RunTime:0.0010s ]
SQL: SELECT * FROM `user` WHERE `userid` = 'kiee' LIMIT 1   [ RunTime:0.0010s ]
SQL: SELECT * FROM `user` WHERE `userid` = 'kiee' LIMIT 1   [ RunTime:0.0020s ]
SQL: SELECT * FROM `action` WHERE CONCAT('',action.action) = '/Home/Index/index' LIMIT 1   [ RunTime:0.0010s ]
SQL: SELECT `access` FROM `action` inner join actionrole on actionrole.actionid=action.id  WHERE CONCAT('',action.action) = '/Home/Index/index' AND actionrole.role IN ('B','D','E','A','*')  [ RunTime:0.0010s ]
SQL: SELECT distinct action.image as icon,action.description as menuname,action.id menuid,action.action url FROM `action` inner join actionrole on actionrole.actionid=action.id  WHERE actionrole.role IN ('B','D','E','A','*') AND action.ismenu = 1 AND action.parentid = 1 AND action.id <> 1 ORDER BY action.rank  [ RunTime:0.0020s ]
SQL: SELECT * FROM `user` WHERE `userid` = 'kiee' LIMIT 1   [ RunTime:0.0010s ]
SQL: SELECT * FROM `action` WHERE CONCAT('',action.action) = '/Home/Index/index' LIMIT 1   [ RunTime:0.0020s ]
SQL: SELECT `access` FROM `action` inner join actionrole on actionrole.actionid=action.id  WHERE CONCAT('',action.action) = '/Home/Index/index' AND actionrole.role IN ('B','D','E','A','*')  [ RunTime:0.0020s ]
SQL: SELECT * FROM `user` WHERE `userid` = 'kiee' LIMIT 1   [ RunTime:0.0010s ]
SQL: SELECT * FROM `user` WHERE `userid` = 'kiee' LIMIT 1   [ RunTime:0.0010s ]
SQL: SELECT * FROM `action` WHERE CONCAT('',action.action) = '/Home/Index/index' LIMIT 1   [ RunTime:0.0010s ]
SQL: SELECT `access` FROM `action` inner join actionrole on actionrole.actionid=action.id  WHERE CONCAT('',action.action) = '/Home/Index/index' AND actionrole.role IN ('B','D','E','A','*')  [ RunTime:0.0010s ]
SQL: SELECT distinct action.image as icon,action.description as menuname,action.id menuid,action.action url FROM `action` inner join actionrole on actionrole.actionid=action.id  WHERE actionrole.role IN ('B','D','E','A','*') AND action.ismenu = 1 AND action.parentid = '17' AND action.id <> 1 ORDER BY action.rank  [ RunTime:0.0020s ]
SQL: SELECT * FROM `user` WHERE `userid` = 'kiee' LIMIT 1   [ RunTime:0.0010s ]
SQL: SELECT * FROM `action` WHERE CONCAT('',action.action) = '/Home/Index/index' LIMIT 1   [ RunTime:0.0010s ]
SQL: SELECT `access` FROM `action` inner join actionrole on actionrole.actionid=action.id  WHERE CONCAT('',action.action) = '/Home/Index/index' AND actionrole.role IN ('B','D','E','A','*')  [ RunTime:0.0010s ]
SQL: SELECT * FROM `user` WHERE `userid` = 'kiee' LIMIT 1   [ RunTime:0.0010s ]
SQL: SELECT * FROM `user` WHERE `userid` = 'kiee' LIMIT 1   [ RunTime:0.0010s ]
SQL: SELECT * FROM `action` WHERE CONCAT('',action.action) = '/Home/Index/index' LIMIT 1   [ RunTime:0.0010s ]
SQL: SELECT `access` FROM `action` inner join actionrole on actionrole.actionid=action.id  WHERE CONCAT('',action.action) = '/Home/Index/index' AND actionrole.role IN ('B','D','E','A','*')  [ RunTime:0.0010s ]
SQL: SELECT distinct action.image as icon,action.description as menuname,action.id menuid,action.action url FROM `action` inner join actionrole on actionrole.actionid=action.id  WHERE actionrole.role IN ('B','D','E','A','*') AND action.ismenu = 1 AND action.parentid = '18' AND action.id <> 1 ORDER BY action.rank  [ RunTime:0.0020s ]
SQL: SELECT * FROM `user` WHERE `userid` = 'kiee' LIMIT 1   [ RunTime:0.0020s ]
SQL: SELECT * FROM `action` WHERE CONCAT('',action.action) = '/Home/Index/index' LIMIT 1   [ RunTime:0.0010s ]
SQL: SELECT `access` FROM `action` inner join actionrole on actionrole.actionid=action.id  WHERE CONCAT('',action.action) = '/Home/Index/index' AND actionrole.role IN ('B','D','E','A','*')  [ RunTime:0.0010s ]
SQL: SELECT * FROM `user` WHERE `userid` = 'kiee' LIMIT 1   [ RunTime:0.0010s ]
SQL: SELECT * FROM `user` WHERE `userid` = 'kiee' LIMIT 1   [ RunTime:0.0010s ]
SQL: SELECT * FROM `action` WHERE CONCAT('',action.action) = '/Home/Index/index' LIMIT 1   [ RunTime:0.0010s ]
SQL: SELECT `access` FROM `action` inner join actionrole on actionrole.actionid=action.id  WHERE CONCAT('',action.action) = '/Home/Index/index' AND actionrole.role IN ('B','D','E','A','*')  [ RunTime:0.0010s ]
SQL: SELECT distinct action.image as icon,action.description as menuname,action.id menuid,action.action url FROM `action` inner join actionrole on actionrole.actionid=action.id  WHERE actionrole.role IN ('B','D','E','A','*') AND action.ismenu = 1 AND action.parentid = '20' AND action.id <> 1 ORDER BY action.rank  [ RunTime:0.0010s ]
SQL: SELECT * FROM `user` WHERE `userid` = 'kiee' LIMIT 1   [ RunTime:0.0010s ]
SQL: SELECT * FROM `action` WHERE CONCAT('',action.action) = '/Home/Index/index' LIMIT 1   [ RunTime:0.0010s ]
SQL: SELECT `access` FROM `action` inner join actionrole on actionrole.actionid=action.id  WHERE CONCAT('',action.action) = '/Home/Index/index' AND actionrole.role IN ('B','D','E','A','*')  [ RunTime:0.0010s ]
SQL: SELECT * FROM `user` WHERE `userid` = 'kiee' LIMIT 1   [ RunTime:0.0010s ]
SQL: SELECT * FROM `user` WHERE `userid` = 'kiee' LIMIT 1   [ RunTime:0.0020s ]
SQL: SELECT * FROM `action` WHERE CONCAT('',action.action) = '/Home/Index/index' LIMIT 1   [ RunTime:0.0010s ]
SQL: SELECT `access` FROM `action` inner join actionrole on actionrole.actionid=action.id  WHERE CONCAT('',action.action) = '/Home/Index/index' AND actionrole.role IN ('B','D','E','A','*')  [ RunTime:0.0010s ]
SQL: SELECT distinct action.image as icon,action.description as menuname,action.id menuid,action.action url FROM `action` inner join actionrole on actionrole.actionid=action.id  WHERE actionrole.role IN ('B','D','E','A','*') AND action.ismenu = 1 AND action.parentid = '32' AND action.id <> 1 ORDER BY action.rank  [ RunTime:0.0010s ]
SQL: SELECT * FROM `user` WHERE `userid` = 'kiee' LIMIT 1   [ RunTime:0.0010s ]
SQL: SELECT * FROM `action` WHERE CONCAT('',action.action) = '/Home/Index/index' LIMIT 1   [ RunTime:0.0010s ]
SQL: SELECT `access` FROM `action` inner join actionrole on actionrole.actionid=action.id  WHERE CONCAT('',action.action) = '/Home/Index/index' AND actionrole.role IN ('B','D','E','A','*')  [ RunTime:0.0020s ]
SQL: SELECT * FROM `user` WHERE `userid` = 'kiee' LIMIT 1   [ RunTime:0.0010s ]
SQL: SELECT * FROM `user` WHERE `userid` = 'kiee' LIMIT 1   [ RunTime:0.0010s ]
SQL: SELECT * FROM `action` WHERE CONCAT('',action.action) = '/Home/Index/index' LIMIT 1   [ RunTime:0.0020s ]
SQL: SELECT `access` FROM `action` inner join actionrole on actionrole.actionid=action.id  WHERE CONCAT('',action.action) = '/Home/Index/index' AND actionrole.role IN ('B','D','E','A','*')  [ RunTime:0.0010s ]
SQL: SELECT distinct action.image as icon,action.description as menuname,action.id menuid,action.action url FROM `action` inner join actionrole on actionrole.actionid=action.id  WHERE actionrole.role IN ('B','D','E','A','*') AND action.ismenu = 1 AND action.parentid = '194' AND action.id <> 1 ORDER BY action.rank  [ RunTime:0.0020s ]
SQL: SELECT * FROM `user` WHERE `userid` = 'kiee' LIMIT 1   [ RunTime:0.0010s ]
SQL: SELECT * FROM `action` WHERE CONCAT('',action.action) = '/Home/Index/index' LIMIT 1   [ RunTime:0.0010s ]
SQL: SELECT `access` FROM `action` inner join actionrole on actionrole.actionid=action.id  WHERE CONCAT('',action.action) = '/Home/Index/index' AND actionrole.role IN ('B','D','E','A','*')  [ RunTime:0.0010s ]
SQL: SELECT * FROM `user` WHERE `userid` = 'kiee' LIMIT 1   [ RunTime:0.0010s ]
SQL: SELECT * FROM `user` WHERE `userid` = 'kiee' LIMIT 1   [ RunTime:0.0010s ]
SQL: SELECT * FROM `action` WHERE CONCAT('',action.action) = '/Home/Index/index' LIMIT 1   [ RunTime:0.0010s ]
SQL: SELECT `access` FROM `action` inner join actionrole on actionrole.actionid=action.id  WHERE CONCAT('',action.action) = '/Home/Index/index' AND actionrole.role IN ('B','D','E','A','*')  [ RunTime:0.0020s ]
SQL: SELECT distinct action.image as icon,action.description as menuname,action.id menuid,action.action url FROM `action` inner join actionrole on actionrole.actionid=action.id  WHERE actionrole.role IN ('B','D','E','A','*') AND action.ismenu = 1 AND action.parentid = '19' AND action.id <> 1 ORDER BY action.rank  [ RunTime:0.0020s ]
INFO: [ view_parse ] --START--
INFO: [ template_filter ] --START--
INFO: Run Behavior\ContentReplaceBehavior [ RunTime:0.000000s ]
INFO: [ template_filter ] --END-- [ RunTime:0.000000s ]
INFO: Run Behavior\ParseTemplateBehavior [ RunTime:0.007000s ]
INFO: [ view_parse ] --END-- [ RunTime:0.008000s ]
INFO: [ view_filter ] --START--
INFO: Run Behavior\WriteHtmlCacheBehavior [ RunTime:0.000000s ]
INFO: [ view_filter ] --END-- [ RunTime:0.000000s ]
INFO: [ app_end ] --START--
INFO: Run Behavior\ShowPageTraceBehavior [ RunTime:0.001000s ]
INFO: [ app_end ] --END-- [ RunTime:0.001000s ]

