[ 2016-06-01T15:23:29+08:00 ] 172.28.7.80 /Admin/Index/user
INFO: [ app_init ] --START--
INFO: Run Behavior\BuildLiteBehavior [ RunTime:0.000000s ]
INFO: [ app_init ] --END-- [ RunTime:0.001000s ]
INFO: [ app_begin ] --START--
INFO: Run Behavior\ReadHtmlCacheBehavior [ RunTime:0.000000s ]
INFO: [ app_begin ] --END-- [ RunTime:0.001000s ]
SQL: SHOW COLUMNS FROM `user` [ RunTime:0.0070s ]
SQL: SELECT * FROM `user` WHERE `userid` = 'kiee' LIMIT 1   [ RunTime:0.0020s ]
SQL: SHOW COLUMNS FROM `action` [ RunTime:0.0050s ]
SQL: SELECT * FROM `action` WHERE CONCAT('',action.action) = '/Admin/Index/user' LIMIT 1   [ RunTime:0.0010s ]
SQL: SELECT `access` FROM `action` inner join actionrole on actionrole.actionid=action.id  WHERE CONCAT('',action.action) = '/Admin/Index/user' AND actionrole.role IN ('B','D','E','A','*')  [ RunTime:0.0010s ]
SQL: SELECT * FROM `user` WHERE `userid` = 'kiee' LIMIT 1   [ RunTime:0.0010s ]
INFO: [ view_parse ] --START--
INFO: [ template_filter ] --START--
INFO: Run Behavior\ContentReplaceBehavior [ RunTime:0.000000s ]
INFO: [ template_filter ] --END-- [ RunTime:0.000000s ]
INFO: Run Behavior\ParseTemplateBehavior [ RunTime:0.009001s ]
INFO: [ view_parse ] --END-- [ RunTime:0.009001s ]
INFO: [ view_filter ] --START--
INFO: Run Behavior\WriteHtmlCacheBehavior [ RunTime:0.000000s ]
INFO: [ view_filter ] --END-- [ RunTime:0.000000s ]
INFO: [ app_end ] --START--
INFO: Run Behavior\ShowPageTraceBehavior [ RunTime:0.000000s ]
INFO: [ app_end ] --END-- [ RunTime:0.000000s ]

[ 2016-06-01T15:23:29+08:00 ] 172.28.7.80 /Admin/User/query
INFO: [ app_init ] --START--
INFO: Run Behavior\BuildLiteBehavior [ RunTime:0.000000s ]
INFO: [ app_init ] --END-- [ RunTime:0.000000s ]
INFO: [ app_begin ] --START--
INFO: Run Behavior\ReadHtmlCacheBehavior [ RunTime:0.000000s ]
INFO: [ app_begin ] --END-- [ RunTime:0.000000s ]
SQL: SHOW COLUMNS FROM `user` [ RunTime:0.0070s ]
SQL: SELECT * FROM `user` WHERE `userid` = 'kiee' LIMIT 1   [ RunTime:0.0020s ]
SQL: SHOW COLUMNS FROM `action` [ RunTime:0.0040s ]
SQL: SELECT * FROM `action` WHERE CONCAT('',action.action) = '/Admin/User/query' LIMIT 1   [ RunTime:0.0010s ]
SQL: SELECT `access` FROM `action` inner join actionrole on actionrole.actionid=action.id  WHERE CONCAT('',action.action) = '/Admin/User/query' AND actionrole.role IN ('B','D','E','A','*')  [ RunTime:0.0010s ]
SQL: SELECT * FROM `user` WHERE `userid` = 'kiee' LIMIT 1   [ RunTime:0.0010s ]
SQL: SHOW COLUMNS FROM `user` [ RunTime:0.0060s ]
SQL: SELECT * FROM `user` WHERE `userid` = 'kiee' LIMIT 1   [ RunTime:0.0010s ]
SQL: SELECT * FROM `action` WHERE CONCAT('',action.action) = '/Admin/User/query' LIMIT 1   [ RunTime:0.0010s ]
SQL: SELECT `access` FROM `action` inner join actionrole on actionrole.actionid=action.id  WHERE CONCAT('',action.action) = '/Admin/User/query' AND actionrole.role IN ('B','D','E','A','*')  [ RunTime:0.0010s ]
SQL: SELECT user.role,user.id,`userid`,user.name,`sex`,`lock`,`lastlogintime`,`lastloginip`,`createdate`,`teacherno`,school.school,school.name as schoolname FROM `user` INNER JOIN school on school.school=user.school  ORDER BY id desc LIMIT 0,10   [ RunTime:0.0020s ]
SQL: SELECT COUNT(*) AS tp_count FROM `user` LIMIT 1   [ RunTime:0.0010s ]

[ 2016-06-01T15:23:29+08:00 ] 172.28.7.80 /Admin/User/role
INFO: [ app_init ] --START--
INFO: Run Behavior\BuildLiteBehavior [ RunTime:0.000000s ]
INFO: [ app_init ] --END-- [ RunTime:0.001000s ]
INFO: [ app_begin ] --START--
INFO: Run Behavior\ReadHtmlCacheBehavior [ RunTime:0.000000s ]
INFO: [ app_begin ] --END-- [ RunTime:0.000000s ]
SQL: SHOW COLUMNS FROM `user` [ RunTime:0.0050s ]
SQL: SELECT * FROM `user` WHERE `userid` = 'kiee' LIMIT 1   [ RunTime:0.0020s ]
SQL: SHOW COLUMNS FROM `action` [ RunTime:0.0040s ]
SQL: SELECT * FROM `action` WHERE CONCAT('',action.action) = '/Admin/User/role' LIMIT 1   [ RunTime:0.0010s ]
SQL: SELECT `access` FROM `action` inner join actionrole on actionrole.actionid=action.id  WHERE CONCAT('',action.action) = '/Admin/User/role' AND actionrole.role IN ('B','D','E','A','*')  [ RunTime:0.0010s ]
SQL: SELECT * FROM `user` WHERE `userid` = 'kiee' LIMIT 1   [ RunTime:0.0010s ]
SQL: SHOW COLUMNS FROM `role` [ RunTime:0.0050s ]
SQL: SELECT * FROM `user` WHERE `userid` = 'kiee' LIMIT 1   [ RunTime:0.0010s ]
SQL: SELECT * FROM `action` WHERE CONCAT('',action.action) = '/Admin/User/role' LIMIT 1   [ RunTime:0.0010s ]
SQL: SELECT `access` FROM `action` inner join actionrole on actionrole.actionid=action.id  WHERE CONCAT('',action.action) = '/Admin/User/role' AND actionrole.role IN ('B','D','E','A','*')  [ RunTime:0.0010s ]
SQL: SELECT *,'' as checked FROM `role` ORDER BY role LIMIT 0,1000   [ RunTime:0.0010s ]
SQL: SELECT COUNT(*) AS tp_count FROM `role` LIMIT 1   [ RunTime:0.0010s ]

[ 2016-06-01T15:23:33+08:00 ] 172.28.7.80 /Admin/Index/action
INFO: [ app_init ] --START--
INFO: Run Behavior\BuildLiteBehavior [ RunTime:0.000000s ]
INFO: [ app_init ] --END-- [ RunTime:0.001000s ]
INFO: [ app_begin ] --START--
INFO: Run Behavior\ReadHtmlCacheBehavior [ RunTime:0.000000s ]
INFO: [ app_begin ] --END-- [ RunTime:0.000000s ]
SQL: SHOW COLUMNS FROM `user` [ RunTime:0.0050s ]
SQL: SELECT * FROM `user` WHERE `userid` = 'kiee' LIMIT 1   [ RunTime:0.0020s ]
SQL: SHOW COLUMNS FROM `action` [ RunTime:0.0040s ]
SQL: SELECT * FROM `action` WHERE CONCAT('',action.action) = '/Admin/Index/action' LIMIT 1   [ RunTime:0.0010s ]
SQL: SELECT `access` FROM `action` inner join actionrole on actionrole.actionid=action.id  WHERE CONCAT('',action.action) = '/Admin/Index/action' AND actionrole.role IN ('B','D','E','A','*')  [ RunTime:0.0010s ]
SQL: SELECT * FROM `user` WHERE `userid` = 'kiee' LIMIT 1   [ RunTime:0.0010s ]
INFO: [ view_parse ] --START--
INFO: [ template_filter ] --START--
INFO: Run Behavior\ContentReplaceBehavior [ RunTime:0.000000s ]
INFO: [ template_filter ] --END-- [ RunTime:0.000000s ]
INFO: Run Behavior\ParseTemplateBehavior [ RunTime:0.014001s ]
INFO: [ view_parse ] --END-- [ RunTime:0.015001s ]
INFO: [ view_filter ] --START--
INFO: Run Behavior\WriteHtmlCacheBehavior [ RunTime:0.000000s ]
INFO: [ view_filter ] --END-- [ RunTime:0.000000s ]
INFO: [ app_end ] --START--
INFO: Run Behavior\ShowPageTraceBehavior [ RunTime:0.001000s ]
INFO: [ app_end ] --END-- [ RunTime:0.001000s ]

[ 2016-06-01T15:23:34+08:00 ] 172.28.7.80 /Admin/Action/query
INFO: [ app_init ] --START--
INFO: Run Behavior\BuildLiteBehavior [ RunTime:0.000000s ]
INFO: [ app_init ] --END-- [ RunTime:0.001000s ]
INFO: [ app_begin ] --START--
INFO: Run Behavior\ReadHtmlCacheBehavior [ RunTime:0.000000s ]
INFO: [ app_begin ] --END-- [ RunTime:0.001000s ]
SQL: SHOW COLUMNS FROM `user` [ RunTime:0.0070s ]
SQL: SELECT * FROM `user` WHERE `userid` = 'kiee' LIMIT 1   [ RunTime:0.0010s ]
SQL: SHOW COLUMNS FROM `action` [ RunTime:0.0040s ]
SQL: SELECT * FROM `action` WHERE CONCAT('',action.action) = '/Admin/Action/query' LIMIT 1   [ RunTime:0.0010s ]
SQL: SELECT `access` FROM `action` inner join actionrole on actionrole.actionid=action.id  WHERE CONCAT('',action.action) = '/Admin/Action/query' AND actionrole.role IN ('B','D','E','A','*')  [ RunTime:0.0020s ]
SQL: SELECT * FROM `user` WHERE `userid` = 'kiee' LIMIT 1   [ RunTime:0.0010s ]
SQL: SHOW COLUMNS FROM `action` [ RunTime:0.0060s ]
SQL: SELECT * FROM `user` WHERE `userid` = 'kiee' LIMIT 1   [ RunTime:0.0010s ]
SQL: SELECT * FROM `action` WHERE CONCAT('',action.action) = '/Admin/Action/query' LIMIT 1   [ RunTime:0.0010s ]
SQL: SELECT `access` FROM `action` inner join actionrole on actionrole.actionid=action.id  WHERE CONCAT('',action.action) = '/Admin/Action/query' AND actionrole.role IN ('B','D','E','A','*')  [ RunTime:0.0020s ]
SQL: SELECT *,parentid as _parentId FROM `action` WHERE `parentid` = 1 ORDER BY action.rank,action.action  [ RunTime:0.0020s ]
SQL: SELECT COUNT(*) AS tp_count FROM `action` WHERE `parentid` = 1 LIMIT 1   [ RunTime:0.0010s ]
SQL: SELECT COUNT(*) AS tp_count FROM `action` WHERE `parentid` = 172 LIMIT 1   [ RunTime:0.0010s ]
SQL: SELECT COUNT(*) AS tp_count FROM `action` WHERE `parentid` = 17 LIMIT 1   [ RunTime:0.0010s ]

[ 2016-06-01T15:23:34+08:00 ] 172.28.7.80 /Admin/Action/role
INFO: [ app_init ] --START--
INFO: Run Behavior\BuildLiteBehavior [ RunTime:0.000000s ]
INFO: [ app_init ] --END-- [ RunTime:0.000000s ]
INFO: [ app_begin ] --START--
INFO: Run Behavior\ReadHtmlCacheBehavior [ RunTime:0.000000s ]
INFO: [ app_begin ] --END-- [ RunTime:0.000000s ]
SQL: SHOW COLUMNS FROM `user` [ RunTime:0.0070s ]
SQL: SELECT * FROM `user` WHERE `userid` = 'kiee' LIMIT 1   [ RunTime:0.0010s ]
SQL: SHOW COLUMNS FROM `action` [ RunTime:0.0060s ]
SQL: SELECT * FROM `action` WHERE CONCAT('',action.action) = '/Admin/Action/role' LIMIT 1   [ RunTime:0.0010s ]
SQL: SELECT `access` FROM `action` inner join actionrole on actionrole.actionid=action.id  WHERE CONCAT('',action.action) = '/Admin/Action/role' AND actionrole.role IN ('B','D','E','A','*')  [ RunTime:0.0010s ]
SQL: SELECT * FROM `user` WHERE `userid` = 'kiee' LIMIT 1   [ RunTime:0.0020s ]
SQL: SHOW COLUMNS FROM `action` [ RunTime:0.0070s ]
SQL: SHOW COLUMNS FROM `actionrole` [ RunTime:0.0050s ]

[ 2016-06-01T15:23:35+08:00 ] 172.28.7.80 /Admin/Action/role
INFO: [ app_init ] --START--
INFO: Run Behavior\BuildLiteBehavior [ RunTime:0.000000s ]
INFO: [ app_init ] --END-- [ RunTime:0.001000s ]
INFO: [ app_begin ] --START--
INFO: Run Behavior\ReadHtmlCacheBehavior [ RunTime:0.001000s ]
INFO: [ app_begin ] --END-- [ RunTime:0.001000s ]
SQL: SHOW COLUMNS FROM `user` [ RunTime:0.0070s ]
SQL: SELECT * FROM `user` WHERE `userid` = 'kiee' LIMIT 1   [ RunTime:0.0020s ]
SQL: SHOW COLUMNS FROM `action` [ RunTime:0.0050s ]
SQL: SELECT * FROM `action` WHERE CONCAT('',action.action) = '/Admin/Action/role' LIMIT 1   [ RunTime:0.0010s ]
SQL: SELECT `access` FROM `action` inner join actionrole on actionrole.actionid=action.id  WHERE CONCAT('',action.action) = '/Admin/Action/role' AND actionrole.role IN ('B','D','E','A','*')  [ RunTime:0.0010s ]
SQL: SELECT * FROM `user` WHERE `userid` = 'kiee' LIMIT 1   [ RunTime:0.0020s ]
SQL: SHOW COLUMNS FROM `action` [ RunTime:0.0040s ]
SQL: SHOW COLUMNS FROM `actionrole` [ RunTime:0.0040s ]
SQL: SELECT role.name,actionrole.*,actionrole.access&16 as exe,actionrole.access&8 as ins,actionrole.access&4 as del,actionrole.access&2 as modi,actionrole.access&1 as que FROM `actionrole` INNER JOIN role on role.role=actionrole.role  WHERE `actionid` = '172' ORDER BY role LIMIT 0,10   [ RunTime:0.0020s ]
SQL: SELECT COUNT(*) AS tp_count FROM `actionrole` WHERE `actionid` = 172 LIMIT 1   [ RunTime:0.0010s ]

[ 2016-06-01T15:23:41+08:00 ] 172.28.7.80 /Admin/Action/updaterole
INFO: [ app_init ] --START--
INFO: Run Behavior\BuildLiteBehavior [ RunTime:0.000000s ]
INFO: [ app_init ] --END-- [ RunTime:0.000000s ]
INFO: [ app_begin ] --START--
INFO: Run Behavior\ReadHtmlCacheBehavior [ RunTime:0.000000s ]
INFO: [ app_begin ] --END-- [ RunTime:0.000000s ]
SQL: SHOW COLUMNS FROM `user` [ RunTime:0.0040s ]
SQL: SELECT * FROM `user` WHERE `userid` = 'kiee' LIMIT 1   [ RunTime:0.0010s ]
SQL: SHOW COLUMNS FROM `action` [ RunTime:0.0040s ]
SQL: SELECT * FROM `action` WHERE CONCAT('',action.action) = '/Admin/Action/updaterole' LIMIT 1   [ RunTime:0.0010s ]
SQL: SELECT `access` FROM `action` inner join actionrole on actionrole.actionid=action.id  WHERE CONCAT('',action.action) = '/Admin/Action/updaterole' AND actionrole.role IN ('B','D','E','A','*')  [ RunTime:0.0010s ]
SQL: SELECT * FROM `user` WHERE `userid` = 'kiee' LIMIT 1   [ RunTime:0.0010s ]
SQL: SHOW COLUMNS FROM `action` [ RunTime:0.0050s ]
SQL: SHOW COLUMNS FROM `actionrole` [ RunTime:0.0050s ]
SQL: UPDATE `actionrole` SET `actionid`='172',`access`='31',`role`='S' WHERE `id` = 503 [ RunTime:0.0010s ]

[ 2016-06-01T15:23:41+08:00 ] 172.28.7.80 /Admin/Action/role
INFO: [ app_init ] --START--
INFO: Run Behavior\BuildLiteBehavior [ RunTime:0.000000s ]
INFO: [ app_init ] --END-- [ RunTime:0.000000s ]
INFO: [ app_begin ] --START--
INFO: Run Behavior\ReadHtmlCacheBehavior [ RunTime:0.000000s ]
INFO: [ app_begin ] --END-- [ RunTime:0.001000s ]
SQL: SHOW COLUMNS FROM `user` [ RunTime:0.0040s ]
SQL: SELECT * FROM `user` WHERE `userid` = 'kiee' LIMIT 1   [ RunTime:0.0020s ]
SQL: SHOW COLUMNS FROM `action` [ RunTime:0.0040s ]
SQL: SELECT * FROM `action` WHERE CONCAT('',action.action) = '/Admin/Action/role' LIMIT 1   [ RunTime:0.0010s ]
SQL: SELECT `access` FROM `action` inner join actionrole on actionrole.actionid=action.id  WHERE CONCAT('',action.action) = '/Admin/Action/role' AND actionrole.role IN ('B','D','E','A','*')  [ RunTime:0.0020s ]
SQL: SELECT * FROM `user` WHERE `userid` = 'kiee' LIMIT 1   [ RunTime:0.0010s ]
SQL: SHOW COLUMNS FROM `action` [ RunTime:0.0050s ]
SQL: SHOW COLUMNS FROM `actionrole` [ RunTime:0.0040s ]
SQL: SELECT role.name,actionrole.*,actionrole.access&16 as exe,actionrole.access&8 as ins,actionrole.access&4 as del,actionrole.access&2 as modi,actionrole.access&1 as que FROM `actionrole` INNER JOIN role on role.role=actionrole.role  WHERE `actionid` = '172' ORDER BY role LIMIT 0,10   [ RunTime:0.0010s ]
SQL: SELECT COUNT(*) AS tp_count FROM `actionrole` WHERE `actionid` = 172 LIMIT 1   [ RunTime:0.0010s ]

[ 2016-06-01T15:23:46+08:00 ] 172.28.7.80 /Admin/Action/updaterole
INFO: [ app_init ] --START--
INFO: Run Behavior\BuildLiteBehavior [ RunTime:0.000000s ]
INFO: [ app_init ] --END-- [ RunTime:0.000000s ]
INFO: [ app_begin ] --START--
INFO: Run Behavior\ReadHtmlCacheBehavior [ RunTime:0.001000s ]
INFO: [ app_begin ] --END-- [ RunTime:0.001000s ]
SQL: SHOW COLUMNS FROM `user` [ RunTime:0.0040s ]
SQL: SELECT * FROM `user` WHERE `userid` = 'kiee' LIMIT 1   [ RunTime:0.0010s ]
SQL: SHOW COLUMNS FROM `action` [ RunTime:0.0060s ]
SQL: SELECT * FROM `action` WHERE CONCAT('',action.action) = '/Admin/Action/updaterole' LIMIT 1   [ RunTime:0.0010s ]
SQL: SELECT `access` FROM `action` inner join actionrole on actionrole.actionid=action.id  WHERE CONCAT('',action.action) = '/Admin/Action/updaterole' AND actionrole.role IN ('B','D','E','A','*')  [ RunTime:0.0010s ]
SQL: SELECT * FROM `user` WHERE `userid` = 'kiee' LIMIT 1   [ RunTime:0.0010s ]
SQL: SHOW COLUMNS FROM `action` [ RunTime:0.0050s ]
SQL: SHOW COLUMNS FROM `actionrole` [ RunTime:0.0050s ]
SQL: UPDATE `actionrole` SET `actionid`='172',`access`='31',`role`='A' WHERE `id` = 503 [ RunTime:0.0010s ]

[ 2016-06-01T15:23:46+08:00 ] 172.28.7.80 /Admin/Action/role
INFO: [ app_init ] --START--
INFO: Run Behavior\BuildLiteBehavior [ RunTime:0.000000s ]
INFO: [ app_init ] --END-- [ RunTime:0.000000s ]
INFO: [ app_begin ] --START--
INFO: Run Behavior\ReadHtmlCacheBehavior [ RunTime:0.001000s ]
INFO: [ app_begin ] --END-- [ RunTime:0.001000s ]
SQL: SHOW COLUMNS FROM `user` [ RunTime:0.0060s ]
SQL: SELECT * FROM `user` WHERE `userid` = 'kiee' LIMIT 1   [ RunTime:0.0020s ]
SQL: SHOW COLUMNS FROM `action` [ RunTime:0.0060s ]
SQL: SELECT * FROM `action` WHERE CONCAT('',action.action) = '/Admin/Action/role' LIMIT 1   [ RunTime:0.0010s ]
SQL: SELECT `access` FROM `action` inner join actionrole on actionrole.actionid=action.id  WHERE CONCAT('',action.action) = '/Admin/Action/role' AND actionrole.role IN ('B','D','E','A','*')  [ RunTime:0.0020s ]
SQL: SELECT * FROM `user` WHERE `userid` = 'kiee' LIMIT 1   [ RunTime:0.0010s ]
SQL: SHOW COLUMNS FROM `action` [ RunTime:0.0070s ]
SQL: SHOW COLUMNS FROM `actionrole` [ RunTime:0.0040s ]
SQL: SELECT role.name,actionrole.*,actionrole.access&16 as exe,actionrole.access&8 as ins,actionrole.access&4 as del,actionrole.access&2 as modi,actionrole.access&1 as que FROM `actionrole` INNER JOIN role on role.role=actionrole.role  WHERE `actionid` = '172' ORDER BY role LIMIT 0,10   [ RunTime:0.0010s ]
SQL: SELECT COUNT(*) AS tp_count FROM `actionrole` WHERE `actionid` = 172 LIMIT 1   [ RunTime:0.0010s ]

[ 2016-06-01T15:23:49+08:00 ] 172.28.7.80 /Admin/Index/school
INFO: [ app_init ] --START--
INFO: Run Behavior\BuildLiteBehavior [ RunTime:0.000000s ]
INFO: [ app_init ] --END-- [ RunTime:0.001000s ]
INFO: [ app_begin ] --START--
INFO: Run Behavior\ReadHtmlCacheBehavior [ RunTime:0.000000s ]
INFO: [ app_begin ] --END-- [ RunTime:0.001000s ]
SQL: SHOW COLUMNS FROM `user` [ RunTime:0.0070s ]
SQL: SELECT * FROM `user` WHERE `userid` = 'kiee' LIMIT 1   [ RunTime:0.0010s ]
SQL: SHOW COLUMNS FROM `action` [ RunTime:0.0030s ]
SQL: SELECT * FROM `action` WHERE CONCAT('',action.action) = '/Admin/Index/school' LIMIT 1   [ RunTime:0.0010s ]
SQL: SELECT `access` FROM `action` inner join actionrole on actionrole.actionid=action.id  WHERE CONCAT('',action.action) = '/Admin/Index/school' AND actionrole.role IN ('B','D','E','A','*')  [ RunTime:0.0010s ]
SQL: SELECT * FROM `user` WHERE `userid` = 'kiee' LIMIT 1   [ RunTime:0.0010s ]
INFO: [ view_parse ] --START--
INFO: [ template_filter ] --START--
INFO: Run Behavior\ContentReplaceBehavior [ RunTime:0.000000s ]
INFO: [ template_filter ] --END-- [ RunTime:0.000000s ]
INFO: Run Behavior\ParseTemplateBehavior [ RunTime:0.013001s ]
INFO: [ view_parse ] --END-- [ RunTime:0.014001s ]
INFO: [ view_filter ] --START--
INFO: Run Behavior\WriteHtmlCacheBehavior [ RunTime:0.000000s ]
INFO: [ view_filter ] --END-- [ RunTime:0.000000s ]
INFO: [ app_end ] --START--
INFO: Run Behavior\ShowPageTraceBehavior [ RunTime:0.000000s ]
INFO: [ app_end ] --END-- [ RunTime:0.001000s ]

[ 2016-06-01T15:23:50+08:00 ] 172.28.7.80 /Admin/School/query
INFO: [ app_init ] --START--
INFO: Run Behavior\BuildLiteBehavior [ RunTime:0.000000s ]
INFO: [ app_init ] --END-- [ RunTime:0.000000s ]
INFO: [ app_begin ] --START--
INFO: Run Behavior\ReadHtmlCacheBehavior [ RunTime:0.001000s ]
INFO: [ app_begin ] --END-- [ RunTime:0.001000s ]
SQL: SHOW COLUMNS FROM `user` [ RunTime:0.0040s ]
SQL: SELECT * FROM `user` WHERE `userid` = 'kiee' LIMIT 1   [ RunTime:0.0010s ]
SQL: SHOW COLUMNS FROM `action` [ RunTime:0.0030s ]
SQL: SELECT * FROM `action` WHERE CONCAT('',action.action) = '/Admin/School/query' LIMIT 1   [ RunTime:0.0010s ]
SQL: SELECT `access` FROM `action` inner join actionrole on actionrole.actionid=action.id  WHERE CONCAT('',action.action) = '/Admin/School/query' AND actionrole.role IN ('B','D','E','A','*')  [ RunTime:0.0010s ]
SQL: SELECT * FROM `user` WHERE `userid` = 'kiee' LIMIT 1   [ RunTime:0.0010s ]
SQL: SHOW COLUMNS FROM `school` [ RunTime:0.0040s ]
SQL: SELECT * FROM `user` WHERE `userid` = 'kiee' LIMIT 1   [ RunTime:0.0010s ]
SQL: SELECT * FROM `action` WHERE CONCAT('',action.action) = '/Admin/School/query' LIMIT 1   [ RunTime:0.0010s ]
SQL: SELECT `access` FROM `action` inner join actionrole on actionrole.actionid=action.id  WHERE CONCAT('',action.action) = '/Admin/School/query' AND actionrole.role IN ('B','D','E','A','*')  [ RunTime:0.0010s ]
SQL: SELECT * FROM `school` ORDER BY school LIMIT 0,20   [ RunTime:0.0010s ]
SQL: SELECT COUNT(*) AS tp_count FROM `school` LIMIT 1   [ RunTime:0.0010s ]

[ 2016-06-01T15:23:51+08:00 ] 172.28.7.80 /Admin/Index/role
INFO: [ app_init ] --START--
INFO: Run Behavior\BuildLiteBehavior [ RunTime:0.000000s ]
INFO: [ app_init ] --END-- [ RunTime:0.001000s ]
INFO: [ app_begin ] --START--
INFO: Run Behavior\ReadHtmlCacheBehavior [ RunTime:0.001000s ]
INFO: [ app_begin ] --END-- [ RunTime:0.001000s ]
SQL: SHOW COLUMNS FROM `user` [ RunTime:0.0040s ]
SQL: SELECT * FROM `user` WHERE `userid` = 'kiee' LIMIT 1   [ RunTime:0.0010s ]
SQL: SHOW COLUMNS FROM `action` [ RunTime:0.0030s ]
SQL: SELECT * FROM `action` WHERE CONCAT('',action.action) = '/Admin/Index/role' LIMIT 1   [ RunTime:0.0010s ]
SQL: SELECT `access` FROM `action` inner join actionrole on actionrole.actionid=action.id  WHERE CONCAT('',action.action) = '/Admin/Index/role' AND actionrole.role IN ('B','D','E','A','*')  [ RunTime:0.0010s ]
SQL: SELECT * FROM `user` WHERE `userid` = 'kiee' LIMIT 1   [ RunTime:0.0010s ]
INFO: [ view_parse ] --START--
INFO: [ template_filter ] --START--
INFO: Run Behavior\ContentReplaceBehavior [ RunTime:0.000000s ]
INFO: [ template_filter ] --END-- [ RunTime:0.000000s ]
INFO: Run Behavior\ParseTemplateBehavior [ RunTime:0.006000s ]
INFO: [ view_parse ] --END-- [ RunTime:0.006000s ]
INFO: [ view_filter ] --START--
INFO: Run Behavior\WriteHtmlCacheBehavior [ RunTime:0.001000s ]
INFO: [ view_filter ] --END-- [ RunTime:0.001000s ]
INFO: [ app_end ] --START--
INFO: Run Behavior\ShowPageTraceBehavior [ RunTime:0.001000s ]
INFO: [ app_end ] --END-- [ RunTime:0.001000s ]

[ 2016-06-01T15:23:51+08:00 ] 172.28.7.80 /Admin/Role/query
INFO: [ app_init ] --START--
INFO: Run Behavior\BuildLiteBehavior [ RunTime:0.000000s ]
INFO: [ app_init ] --END-- [ RunTime:0.001000s ]
INFO: [ app_begin ] --START--
INFO: Run Behavior\ReadHtmlCacheBehavior [ RunTime:0.000000s ]
INFO: [ app_begin ] --END-- [ RunTime:0.000000s ]
SQL: SHOW COLUMNS FROM `user` [ RunTime:0.0070s ]
SQL: SELECT * FROM `user` WHERE `userid` = 'kiee' LIMIT 1   [ RunTime:0.0020s ]
SQL: SHOW COLUMNS FROM `action` [ RunTime:0.0050s ]
SQL: SELECT * FROM `action` WHERE CONCAT('',action.action) = '/Admin/Role/query' LIMIT 1   [ RunTime:0.0010s ]
SQL: SELECT `access` FROM `action` inner join actionrole on actionrole.actionid=action.id  WHERE CONCAT('',action.action) = '/Admin/Role/query' AND actionrole.role IN ('B','D','E','A','*')  [ RunTime:0.0010s ]
SQL: SELECT * FROM `user` WHERE `userid` = 'kiee' LIMIT 1   [ RunTime:0.0010s ]
SQL: SHOW COLUMNS FROM `role` [ RunTime:0.0030s ]
SQL: SELECT * FROM `user` WHERE `userid` = 'kiee' LIMIT 1   [ RunTime:0.0010s ]
SQL: SELECT * FROM `action` WHERE CONCAT('',action.action) = '/Admin/Role/query' LIMIT 1   [ RunTime:0.0010s ]
SQL: SELECT `access` FROM `action` inner join actionrole on actionrole.actionid=action.id  WHERE CONCAT('',action.action) = '/Admin/Role/query' AND actionrole.role IN ('B','D','E','A','*')  [ RunTime:0.0020s ]
SQL: SELECT *,'' as checked FROM `role` ORDER BY role LIMIT 0,20   [ RunTime:0.0010s ]
SQL: SELECT COUNT(*) AS tp_count FROM `role` LIMIT 1   [ RunTime:0.0010s ]

[ 2016-06-01T15:23:52+08:00 ] 172.28.7.80 /Admin/Index/log
INFO: [ app_init ] --START--
INFO: Run Behavior\BuildLiteBehavior [ RunTime:0.000000s ]
INFO: [ app_init ] --END-- [ RunTime:0.001000s ]
INFO: [ app_begin ] --START--
INFO: Run Behavior\ReadHtmlCacheBehavior [ RunTime:0.001000s ]
INFO: [ app_begin ] --END-- [ RunTime:0.001000s ]
SQL: SHOW COLUMNS FROM `user` [ RunTime:0.0040s ]
SQL: SELECT * FROM `user` WHERE `userid` = 'kiee' LIMIT 1   [ RunTime:0.0010s ]
SQL: SHOW COLUMNS FROM `action` [ RunTime:0.0040s ]
SQL: SELECT * FROM `action` WHERE CONCAT('',action.action) = '/Admin/Index/log' LIMIT 1   [ RunTime:0.0010s ]
SQL: SELECT `access` FROM `action` inner join actionrole on actionrole.actionid=action.id  WHERE CONCAT('',action.action) = '/Admin/Index/log' AND actionrole.role IN ('B','D','E','A','*')  [ RunTime:0.0010s ]
SQL: SELECT * FROM `user` WHERE `userid` = 'kiee' LIMIT 1   [ RunTime:0.0010s ]
INFO: [ view_parse ] --START--
INFO: [ template_filter ] --START--
INFO: Run Behavior\ContentReplaceBehavior [ RunTime:0.000000s ]
INFO: [ template_filter ] --END-- [ RunTime:0.000000s ]
INFO: Run Behavior\ParseTemplateBehavior [ RunTime:0.006000s ]
INFO: [ view_parse ] --END-- [ RunTime:0.006000s ]
INFO: [ view_filter ] --START--
INFO: Run Behavior\WriteHtmlCacheBehavior [ RunTime:0.000000s ]
INFO: [ view_filter ] --END-- [ RunTime:0.001000s ]
INFO: [ app_end ] --START--
INFO: Run Behavior\ShowPageTraceBehavior [ RunTime:0.001000s ]
INFO: [ app_end ] --END-- [ RunTime:0.001000s ]

[ 2016-06-01T15:23:52+08:00 ] 172.28.7.80 /Admin/Log/query
INFO: [ app_init ] --START--
INFO: Run Behavior\BuildLiteBehavior [ RunTime:0.000000s ]
INFO: [ app_init ] --END-- [ RunTime:0.001000s ]
INFO: [ app_begin ] --START--
INFO: Run Behavior\ReadHtmlCacheBehavior [ RunTime:0.000000s ]
INFO: [ app_begin ] --END-- [ RunTime:0.000000s ]
SQL: SHOW COLUMNS FROM `user` [ RunTime:0.0040s ]
SQL: SELECT * FROM `user` WHERE `userid` = 'kiee' LIMIT 1   [ RunTime:0.0010s ]
SQL: SHOW COLUMNS FROM `action` [ RunTime:0.0030s ]
SQL: SELECT * FROM `action` WHERE CONCAT('',action.action) = '/Admin/Log/query' LIMIT 1   [ RunTime:0.0010s ]
SQL: SELECT `access` FROM `action` inner join actionrole on actionrole.actionid=action.id  WHERE CONCAT('',action.action) = '/Admin/Log/query' AND actionrole.role IN ('B','D','E','A','*')  [ RunTime:0.0010s ]
SQL: SELECT * FROM `user` WHERE `userid` = 'kiee' LIMIT 1   [ RunTime:0.0010s ]
SQL: SHOW COLUMNS FROM `log` [ RunTime:0.0050s ]
SQL: SELECT COUNT(*) AS tp_count FROM `log` WHERE `action` LIKE '' LIMIT 1   [ RunTime:0.0010s ]
SQL: SELECT * FROM `user` WHERE `userid` = 'kiee' LIMIT 1   [ RunTime:0.0010s ]
SQL: SELECT * FROM `action` WHERE CONCAT('',action.action) = '/Admin/Log/query' LIMIT 1   [ RunTime:0.0010s ]
SQL: SELECT `access` FROM `action` inner join actionrole on actionrole.actionid=action.id  WHERE CONCAT('',action.action) = '/Admin/Log/query' AND actionrole.role IN ('B','D','E','A','*')  [ RunTime:0.0010s ]
SQL: SELECT * FROM `log` WHERE `action` LIKE '' ORDER BY requesttime desc LIMIT 0,20   [ RunTime:0.0010s ]

