[ 2016-06-01T15:23:29+08:00 ] 172.28.7.80 /All/Option/school
INFO: [ app_init ] --START--
INFO: Run Behavior\BuildLiteBehavior [ RunTime:0.000000s ]
INFO: [ app_init ] --END-- [ RunTime:0.000000s ]
INFO: [ app_begin ] --START--
INFO: Run Behavior\ReadHtmlCacheBehavior [ RunTime:0.000000s ]
INFO: [ app_begin ] --END-- [ RunTime:0.000000s ]
SQL: SHOW COLUMNS FROM `school` [ RunTime:0.0080s ]
SQL: SELECT `school`,rtrim(name) as name FROM `school` ORDER BY school  [ RunTime:0.0020s ]

[ 2016-06-01T15:23:37+08:00 ] 172.28.7.80 /All/Option/role
INFO: [ app_init ] --START--
INFO: Run Behavior\BuildLiteBehavior [ RunTime:0.000000s ]
INFO: [ app_init ] --END-- [ RunTime:0.000000s ]
INFO: [ app_begin ] --START--
INFO: Run Behavior\ReadHtmlCacheBehavior [ RunTime:0.000000s ]
INFO: [ app_begin ] --END-- [ RunTime:0.000000s ]
SQL: SHOW COLUMNS FROM `role` [ RunTime:0.0050s ]
SQL: SELECT `role`,rtrim(name) as name FROM `role`  [ RunTime:0.0010s ]

[ 2016-06-01T15:23:41+08:00 ] 172.28.7.80 /All/Option/role
INFO: [ app_init ] --START--
INFO: Run Behavior\BuildLiteBehavior [ RunTime:0.000000s ]
INFO: [ app_init ] --END-- [ RunTime:0.001000s ]
INFO: [ app_begin ] --START--
INFO: Run Behavior\ReadHtmlCacheBehavior [ RunTime:0.000000s ]
INFO: [ app_begin ] --END-- [ RunTime:0.000000s ]
SQL: SHOW COLUMNS FROM `role` [ RunTime:0.0040s ]
SQL: SELECT `role`,rtrim(name) as name FROM `role`  [ RunTime:0.0010s ]

[ 2016-06-01T15:23:43+08:00 ] 172.28.7.80 /All/Option/role
INFO: [ app_init ] --START--
INFO: Run Behavior\BuildLiteBehavior [ RunTime:0.000000s ]
INFO: [ app_init ] --END-- [ RunTime:0.000000s ]
INFO: [ app_begin ] --START--
INFO: Run Behavior\ReadHtmlCacheBehavior [ RunTime:0.000000s ]
INFO: [ app_begin ] --END-- [ RunTime:0.000000s ]
SQL: SHOW COLUMNS FROM `role` [ RunTime:0.0060s ]
SQL: SELECT `role`,rtrim(name) as name FROM `role`  [ RunTime:0.0010s ]

[ 2016-06-01T15:23:46+08:00 ] 172.28.7.80 /All/Option/role
INFO: [ app_init ] --START--
INFO: Run Behavior\BuildLiteBehavior [ RunTime:0.000000s ]
INFO: [ app_init ] --END-- [ RunTime:0.000000s ]
INFO: [ app_begin ] --START--
INFO: Run Behavior\ReadHtmlCacheBehavior [ RunTime:0.000000s ]
INFO: [ app_begin ] --END-- [ RunTime:0.000000s ]
SQL: SHOW COLUMNS FROM `role` [ RunTime:0.0040s ]
SQL: SELECT `role`,rtrim(name) as name FROM `role`  [ RunTime:0.0010s ]

